2020-05-18 15:31:10,980 INFO  [org.alfresco.repo.admin] [localhost-startStop-1] Using database URL 'jdbc:h2:D:\Work\integration/alf_data_dev/h2_data/alf_dev;AUTO_SERVER=TRUE;DB_CLOSE_ON_EXIT=FALSE;LOCK_TIMEOUT=10000;MVCC=FALSE;LOCK_MODE=0' with user 'alfresco'.
2020-05-18 15:31:15,339 INFO  [org.alfresco.repo.admin] [localhost-startStop-1] Connected to database H2 version 1.4.190 (2015-10-11)
2020-05-18 15:31:23,368 INFO  [org.alfresco.repo.domain.schema.SchemaBootstrap] [localhost-startStop-1] Ignoring script patch (post-Hibernate): patch.db-V4.2-metadata-query-indexes
2020-05-18 15:31:23,369 INFO  [org.alfresco.repo.domain.schema.SchemaBootstrap] [localhost-startStop-1] Ignoring script patch (post-Hibernate): patch.db-V5.1-metadata-query-indexes
2020-05-18 15:31:32,295 WARN  [org.springframework.web.context.support.XmlWebApplicationContext] [localhost-startStop-1] Exception encountered during context initialization - cancelling refresh attempt
org.springframework.beans.factory.BeanCreationException: Error creating bean with name 'integration-repo-amp.dictionaryBootstrap' defined in class path resource [alfresco/module/integration-repo-amp/context/bootstrap-context.xml]: Invocation of init method failed; nested exception is org.alfresco.service.cmr.dictionary.DictionaryException: 04180001 Could not import bootstrap model 'alfresco/module/integration-repo-amp/model/procurementProcedure-model.xml'
	at org.springframework.beans.factory.support.AbstractAutowireCapableBeanFactory.initializeBean(AbstractAutowireCapableBeanFactory.java:1514)
	at org.springframework.beans.factory.support.AbstractAutowireCapableBeanFactory.doCreateBean(AbstractAutowireCapableBeanFactory.java:521)
	at org.springframework.beans.factory.support.AbstractAutowireCapableBeanFactory.createBean(AbstractAutowireCapableBeanFactory.java:458)
	at org.springframework.beans.factory.support.AbstractBeanFactory$1.getObject(AbstractBeanFactory.java:293)
	at org.springframework.beans.factory.support.DefaultSingletonBeanRegistry.getSingleton(DefaultSingletonBeanRegistry.java:223)
	at org.springframework.beans.factory.support.AbstractBeanFactory.doGetBean(AbstractBeanFactory.java:290)
	at org.springframework.beans.factory.support.AbstractBeanFactory.getBean(AbstractBeanFactory.java:191)
	at org.springframework.beans.factory.support.DefaultListableBeanFactory.preInstantiateSingletons(DefaultListableBeanFactory.java:636)
	at org.springframework.context.support.AbstractApplicationContext.finishBeanFactoryInitialization(AbstractApplicationContext.java:934)
	at org.springframework.context.support.AbstractApplicationContext.refresh(AbstractApplicationContext.java:479)
	at org.springframework.web.context.ContextLoader.configureAndRefreshWebApplicationContext(ContextLoader.java:410)
	at org.springframework.web.context.ContextLoader.initWebApplicationContext(ContextLoader.java:306)
	at org.springframework.web.context.ContextLoaderListener.contextInitialized(ContextLoaderListener.java:112)
	at org.alfresco.web.app.ContextLoaderListener.contextInitialized(ContextLoaderListener.java:63)
	at org.apache.catalina.core.StandardContext.listenerStart(StandardContext.java:4939)
	at org.apache.catalina.core.StandardContext.startInternal(StandardContext.java:5434)
	at org.apache.catalina.util.LifecycleBase.start(LifecycleBase.java:150)
	at org.apache.catalina.core.ContainerBase$StartChild.call(ContainerBase.java:1559)
	at org.apache.catalina.core.ContainerBase$StartChild.call(ContainerBase.java:1549)
	at java.util.concurrent.FutureTask.run(FutureTask.java:266)
	at java.util.concurrent.ThreadPoolExecutor.runWorker(ThreadPoolExecutor.java:1149)
	at java.util.concurrent.ThreadPoolExecutor$Worker.run(ThreadPoolExecutor.java:624)
	at java.lang.Thread.run(Thread.java:748)
Caused by: org.alfresco.service.cmr.dictionary.DictionaryException: 04180001 Could not import bootstrap model 'alfresco/module/integration-repo-amp/model/procurementProcedure-model.xml'
	at org.alfresco.repo.dictionary.DictionaryBootstrap.onDictionaryInit(DictionaryBootstrap.java:173)
	at org.alfresco.repo.dictionary.DictionaryBootstrap.bootstrap(DictionaryBootstrap.java:118)
	at sun.reflect.NativeMethodAccessorImpl.invoke0(Native Method)
	at sun.reflect.NativeMethodAccessorImpl.invoke(NativeMethodAccessorImpl.java:62)
	at sun.reflect.DelegatingMethodAccessorImpl.invoke(DelegatingMethodAccessorImpl.java:43)
	at java.lang.reflect.Method.invoke(Method.java:498)
	at org.springframework.beans.factory.support.AbstractAutowireCapableBeanFactory.invokeCustomInitMethod(AbstractAutowireCapableBeanFactory.java:1640)
	at org.springframework.beans.factory.support.AbstractAutowireCapableBeanFactory.invokeInitMethods(AbstractAutowireCapableBeanFactory.java:1581)
	at org.springframework.beans.factory.support.AbstractAutowireCapableBeanFactory.initializeBean(AbstractAutowireCapableBeanFactory.java:1511)
	... 22 more
Caused by: org.alfresco.service.cmr.dictionary.DictionaryException: 04180000 Failed to compile model 'proc:procurementProcedureModel'
	at org.alfresco.repo.dictionary.CompiledModel.<init>(CompiledModel.java:116)
	at org.alfresco.repo.dictionary.M2Model.compile(M2Model.java:167)
	at org.alfresco.repo.dictionary.DictionaryDAOImpl.putModelImpl(DictionaryDAOImpl.java:273)
	at org.alfresco.repo.dictionary.DictionaryDAOImpl.putModel(DictionaryDAOImpl.java:260)
	at org.alfresco.repo.dictionary.DictionaryBootstrap.onDictionaryInit(DictionaryBootstrap.java:169)
	... 30 more
Caused by: org.alfresco.service.namespace.NamespaceException: Namespace prefix lot is not mapped to a namespace URI
	at org.alfresco.service.namespace.QName.createQName(QName.java:102)
	at org.alfresco.service.namespace.QName.createQName(QName.java:124)
	at org.alfresco.repo.dictionary.M2AssociationDefinition.<init>(M2AssociationDefinition.java:68)
	at org.alfresco.repo.dictionary.M2ClassDefinition.<init>(M2ClassDefinition.java:155)
	at org.alfresco.repo.dictionary.M2TypeDefinition.<init>(M2TypeDefinition.java:42)
	at org.alfresco.repo.dictionary.CompiledModel.constructDefinitions(CompiledModel.java:157)
	at org.alfresco.repo.dictionary.CompiledModel.<init>(CompiledModel.java:96)
	... 34 more
2020-05-18 15:31:32,386 WARN  [org.springframework.beans.factory.support.DisposableBeanAdapter] [localhost-startStop-1] Invocation of destroy method 'close' failed on bean with name 'solrSqlSessionTemplate': java.lang.UnsupportedOperationException: Manual close is not allowed over a Spring managed SqlSession
2020-05-18 15:31:32,387 WARN  [org.springframework.beans.factory.support.DisposableBeanAdapter] [localhost-startStop-1] Invocation of destroy method 'close' failed on bean with name 'activitiesSqlSessionTemplate': java.lang.UnsupportedOperationException: Manual close is not allowed over a Spring managed SqlSession
2020-05-18 15:31:32,936 WARN  [org.springframework.beans.factory.support.DisposableBeanAdapter] [localhost-startStop-1] Invocation of destroy method 'close' failed on bean with name 'locksSqlSessionTemplate': java.lang.UnsupportedOperationException: Manual close is not allowed over a Spring managed SqlSession
2020-05-18 15:31:32,937 WARN  [org.springframework.beans.factory.support.DisposableBeanAdapter] [localhost-startStop-1] Invocation of destroy method 'close' failed on bean with name 'propertyValueSqlSessionTemplate': java.lang.UnsupportedOperationException: Manual close is not allowed over a Spring managed SqlSession
2020-05-18 15:31:32,938 WARN  [org.springframework.beans.factory.support.DisposableBeanAdapter] [localhost-startStop-1] Invocation of destroy method 'close' failed on bean with name 'auditSqlSessionTemplate': java.lang.UnsupportedOperationException: Manual close is not allowed over a Spring managed SqlSession
2020-05-18 15:31:32,938 WARN  [org.springframework.beans.factory.support.DisposableBeanAdapter] [localhost-startStop-1] Invocation of destroy method 'close' failed on bean with name 'contentSqlSessionTemplate': java.lang.UnsupportedOperationException: Manual close is not allowed over a Spring managed SqlSession
2020-05-18 15:31:32,939 WARN  [org.springframework.beans.factory.support.DisposableBeanAdapter] [localhost-startStop-1] Invocation of destroy method 'close' failed on bean with name 'repoSqlSessionTemplate': java.lang.UnsupportedOperationException: Manual close is not allowed over a Spring managed SqlSession
2020-05-18 15:31:32,942 ERROR [org.springframework.web.context.ContextLoader] [localhost-startStop-1] Context initialization failed
org.springframework.beans.factory.BeanCreationException: Error creating bean with name 'integration-repo-amp.dictionaryBootstrap' defined in class path resource [alfresco/module/integration-repo-amp/context/bootstrap-context.xml]: Invocation of init method failed; nested exception is org.alfresco.service.cmr.dictionary.DictionaryException: 04180001 Could not import bootstrap model 'alfresco/module/integration-repo-amp/model/procurementProcedure-model.xml'
	at org.springframework.beans.factory.support.AbstractAutowireCapableBeanFactory.initializeBean(AbstractAutowireCapableBeanFactory.java:1514)
	at org.springframework.beans.factory.support.AbstractAutowireCapableBeanFactory.doCreateBean(AbstractAutowireCapableBeanFactory.java:521)
	at org.springframework.beans.factory.support.AbstractAutowireCapableBeanFactory.createBean(AbstractAutowireCapableBeanFactory.java:458)
	at org.springframework.beans.factory.support.AbstractBeanFactory$1.getObject(AbstractBeanFactory.java:293)
	at org.springframework.beans.factory.support.DefaultSingletonBeanRegistry.getSingleton(DefaultSingletonBeanRegistry.java:223)
	at org.springframework.beans.factory.support.AbstractBeanFactory.doGetBean(AbstractBeanFactory.java:290)
	at org.springframework.beans.factory.support.AbstractBeanFactory.getBean(AbstractBeanFactory.java:191)
	at org.springframework.beans.factory.support.DefaultListableBeanFactory.preInstantiateSingletons(DefaultListableBeanFactory.java:636)
	at org.springframework.context.support.AbstractApplicationContext.finishBeanFactoryInitialization(AbstractApplicationContext.java:934)
	at org.springframework.context.support.AbstractApplicationContext.refresh(AbstractApplicationContext.java:479)
	at org.springframework.web.context.ContextLoader.configureAndRefreshWebApplicationContext(ContextLoader.java:410)
	at org.springframework.web.context.ContextLoader.initWebApplicationContext(ContextLoader.java:306)
	at org.springframework.web.context.ContextLoaderListener.contextInitialized(ContextLoaderListener.java:112)
	at org.alfresco.web.app.ContextLoaderListener.contextInitialized(ContextLoaderListener.java:63)
	at org.apache.catalina.core.StandardContext.listenerStart(StandardContext.java:4939)
	at org.apache.catalina.core.StandardContext.startInternal(StandardContext.java:5434)
	at org.apache.catalina.util.LifecycleBase.start(LifecycleBase.java:150)
	at org.apache.catalina.core.ContainerBase$StartChild.call(ContainerBase.java:1559)
	at org.apache.catalina.core.ContainerBase$StartChild.call(ContainerBase.java:1549)
	at java.util.concurrent.FutureTask.run(FutureTask.java:266)
	at java.util.concurrent.ThreadPoolExecutor.runWorker(ThreadPoolExecutor.java:1149)
	at java.util.concurrent.ThreadPoolExecutor$Worker.run(ThreadPoolExecutor.java:624)
	at java.lang.Thread.run(Thread.java:748)
Caused by: org.alfresco.service.cmr.dictionary.DictionaryException: 04180001 Could not import bootstrap model 'alfresco/module/integration-repo-amp/model/procurementProcedure-model.xml'
	at org.alfresco.repo.dictionary.DictionaryBootstrap.onDictionaryInit(DictionaryBootstrap.java:173)
	at org.alfresco.repo.dictionary.DictionaryBootstrap.bootstrap(DictionaryBootstrap.java:118)
	at sun.reflect.NativeMethodAccessorImpl.invoke0(Native Method)
	at sun.reflect.NativeMethodAccessorImpl.invoke(NativeMethodAccessorImpl.java:62)
	at sun.reflect.DelegatingMethodAccessorImpl.invoke(DelegatingMethodAccessorImpl.java:43)
	at java.lang.reflect.Method.invoke(Method.java:498)
	at org.springframework.beans.factory.support.AbstractAutowireCapableBeanFactory.invokeCustomInitMethod(AbstractAutowireCapableBeanFactory.java:1640)
	at org.springframework.beans.factory.support.AbstractAutowireCapableBeanFactory.invokeInitMethods(AbstractAutowireCapableBeanFactory.java:1581)
	at org.springframework.beans.factory.support.AbstractAutowireCapableBeanFactory.initializeBean(AbstractAutowireCapableBeanFactory.java:1511)
	... 22 more
Caused by: org.alfresco.service.cmr.dictionary.DictionaryException: 04180000 Failed to compile model 'proc:procurementProcedureModel'
	at org.alfresco.repo.dictionary.CompiledModel.<init>(CompiledModel.java:116)
	at org.alfresco.repo.dictionary.M2Model.compile(M2Model.java:167)
	at org.alfresco.repo.dictionary.DictionaryDAOImpl.putModelImpl(DictionaryDAOImpl.java:273)
	at org.alfresco.repo.dictionary.DictionaryDAOImpl.putModel(DictionaryDAOImpl.java:260)
	at org.alfresco.repo.dictionary.DictionaryBootstrap.onDictionaryInit(DictionaryBootstrap.java:169)
	... 30 more
Caused by: org.alfresco.service.namespace.NamespaceException: Namespace prefix lot is not mapped to a namespace URI
	at org.alfresco.service.namespace.QName.createQName(QName.java:102)
	at org.alfresco.service.namespace.QName.createQName(QName.java:124)
	at org.alfresco.repo.dictionary.M2AssociationDefinition.<init>(M2AssociationDefinition.java:68)
	at org.alfresco.repo.dictionary.M2ClassDefinition.<init>(M2ClassDefinition.java:155)
	at org.alfresco.repo.dictionary.M2TypeDefinition.<init>(M2TypeDefinition.java:42)
	at org.alfresco.repo.dictionary.CompiledModel.constructDefinitions(CompiledModel.java:157)
	at org.alfresco.repo.dictionary.CompiledModel.<init>(CompiledModel.java:96)
	... 34 more
2020-05-18 15:58:23,190 INFO  [org.alfresco.repo.admin] [localhost-startStop-1] Using database URL 'jdbc:h2:D:\Work\integration/alf_data_dev/h2_data/alf_dev;AUTO_SERVER=TRUE;DB_CLOSE_ON_EXIT=FALSE;LOCK_TIMEOUT=10000;MVCC=FALSE;LOCK_MODE=0' with user 'alfresco'.
2020-05-18 15:58:24,184 INFO  [org.alfresco.repo.admin] [localhost-startStop-1] Connected to database H2 version 1.4.190 (2015-10-11)
2020-05-18 15:58:34,879 INFO  [org.alfresco.repo.domain.schema.SchemaBootstrap] [localhost-startStop-1] Ignoring script patch (post-Hibernate): patch.db-V4.2-metadata-query-indexes
2020-05-18 15:58:34,879 INFO  [org.alfresco.repo.domain.schema.SchemaBootstrap] [localhost-startStop-1] Ignoring script patch (post-Hibernate): patch.db-V5.1-metadata-query-indexes
2020-05-18 15:58:44,930 INFO  [org.springframework.extensions.webscripts.TemplateProcessorRegistry] [localhost-startStop-1] Registered template processor Repository Template Processor for extension ftl
2020-05-18 15:58:44,933 INFO  [org.springframework.extensions.webscripts.ScriptProcessorRegistry] [localhost-startStop-1] Registered script processor Repository Script Processor for extension js
2020-05-18 15:58:47,213 INFO  [org.alfresco.repo.management.subsystems.ChildApplicationContextFactory] [localhost-startStop-1] Starting 'ContentStore' subsystem, ID: [ContentStore, managed, unencrypted]
2020-05-18 15:58:47,246 INFO  [org.alfresco.repo.management.subsystems.ChildApplicationContextFactory] [localhost-startStop-1] Startup of 'ContentStore' subsystem, ID: [ContentStore, managed, unencrypted] complete
2020-05-18 15:58:47,260 INFO  [org.alfresco.repo.domain.schema.SchemaBootstrap] [localhost-startStop-1] Connecting to database: jdbc:h2:D:\Work\integration/alf_data_dev/h2_data/alf_dev, UserName=ALFRESCO, H2 JDBC Driver
2020-05-18 15:58:47,260 INFO  [org.alfresco.repo.domain.schema.SchemaBootstrap] [localhost-startStop-1] Schema managed by database dialect org.hibernate.dialect.H2Dialect.
2020-05-18 15:58:47,544 WARN  [org.alfresco.repo.domain.schema.SchemaBootstrap] [localhost-startStop-1] Schema validation found 85 potential problems, results written to: C:\Users\27C6~1\AppData\Local\Temp\Alfresco\Alfresco-H2Dialect-Validation-Pre-Upgrade-alf_-8578071441063274174.txt
2020-05-18 15:58:47,552 WARN  [org.alfresco.repo.domain.schema.SchemaBootstrap] [localhost-startStop-1] Schema validation found 26 potential problems, results written to: C:\Users\27C6~1\AppData\Local\Temp\Alfresco\Alfresco-H2Dialect-Validation-Pre-Upgrade-act_-6070969810370887752.txt
2020-05-18 15:58:47,631 INFO  [org.alfresco.repo.domain.schema.SchemaBootstrap] [localhost-startStop-1] Normalized schema dumped to file C:\Users\27C6~1\AppData\Local\Temp\Alfresco\Alfresco-schema-H2Dialect-pre-upgrade-alf_-4341729703176558947.xml.
2020-05-18 15:58:47,632 INFO  [org.alfresco.repo.domain.schema.SchemaBootstrap] [localhost-startStop-1] Normalized schema dumped to file C:\Users\27C6~1\AppData\Local\Temp\Alfresco\Alfresco-schema-H2Dialect-pre-upgrade-jbpm_-5842043615407395829.xml.
2020-05-18 15:58:47,632 INFO  [org.alfresco.repo.domain.schema.SchemaBootstrap] [localhost-startStop-1] Normalized schema dumped to file C:\Users\27C6~1\AppData\Local\Temp\Alfresco\Alfresco-schema-H2Dialect-pre-upgrade-act_-5592331762819854435.xml.
2020-05-18 15:58:47,634 INFO  [org.alfresco.repo.domain.schema.SchemaBootstrap] [localhost-startStop-1] Executing database script C:\Users\27C6~1\AppData\Local\Temp\Alfresco\AlfrescoSchema-H2Dialect-Update-2586102533009636436.sql (Copied from classpath:alfresco/dbscripts/create/org.hibernate.dialect.H2Dialect/AlfrescoCreate-RepoTables.sql).
2020-05-18 15:58:47,701 INFO  [org.alfresco.repo.domain.schema.SchemaBootstrap] [localhost-startStop-1] Executing database script C:\Users\27C6~1\AppData\Local\Temp\Alfresco\AlfrescoSchema-H2Dialect-Update-2295619390602993889.sql (Copied from classpath:alfresco/dbscripts/create/org.hibernate.dialect.H2Dialect/AlfrescoCreate-LockTables.sql).
2020-05-18 15:58:47,707 INFO  [org.alfresco.repo.domain.schema.SchemaBootstrap] [localhost-startStop-1] Executing database script C:\Users\27C6~1\AppData\Local\Temp\Alfresco\AlfrescoSchema-H2Dialect-Update-8139224655603722157.sql (Copied from classpath:alfresco/dbscripts/create/org.hibernate.dialect.H2Dialect/AlfrescoCreate-ContentTables.sql).
2020-05-18 15:58:47,734 INFO  [org.alfresco.repo.domain.schema.SchemaBootstrap] [localhost-startStop-1] Executing database script C:\Users\27C6~1\AppData\Local\Temp\Alfresco\AlfrescoSchema-H2Dialect-Update-1667179141658564501.sql (Copied from classpath:alfresco/dbscripts/create/org.hibernate.dialect.H2Dialect/AlfrescoCreate-PropertyValueTables.sql).
2020-05-18 15:58:47,745 INFO  [org.alfresco.repo.domain.schema.SchemaBootstrap] [localhost-startStop-1] Executing database script C:\Users\27C6~1\AppData\Local\Temp\Alfresco\AlfrescoSchema-H2Dialect-Update-1126949640152508639.sql (Copied from classpath:alfresco/dbscripts/create/org.hibernate.dialect.H2Dialect/AlfrescoCreate-ContentUrlEncryptionTables.sql).
2020-05-18 15:58:47,750 INFO  [org.alfresco.repo.domain.schema.SchemaBootstrap] [localhost-startStop-1] Executing database script C:\Users\27C6~1\AppData\Local\Temp\Alfresco\AlfrescoSchema-H2Dialect-Update-6798489268119278000.sql (Copied from classpath:alfresco/dbscripts/create/org.hibernate.dialect.H2Dialect/AlfrescoCreate-AuditTables.sql).
2020-05-18 15:58:47,758 INFO  [org.alfresco.repo.domain.schema.SchemaBootstrap] [localhost-startStop-1] Executing database script C:\Users\27C6~1\AppData\Local\Temp\Alfresco\AlfrescoSchema-H2Dialect-Update-8633834044733960633.sql (Copied from classpath:alfresco/dbscripts/create/org.hibernate.dialect.H2Dialect/AlfrescoCreate-ActivityTables.sql).
2020-05-18 15:58:47,765 INFO  [org.alfresco.repo.domain.schema.SchemaBootstrap] [localhost-startStop-1] Executing database script C:\Users\27C6~1\AppData\Local\Temp\Alfresco\AlfrescoSchema-H2Dialect-Update-1876720198285688148.sql (Copied from classpath:alfresco/dbscripts/create/org.hibernate.dialect.H2Dialect/AlfrescoCreate-UsageTables.sql).
2020-05-18 15:58:47,772 INFO  [org.alfresco.repo.domain.schema.SchemaBootstrap] [localhost-startStop-1] Executing database script C:\Users\27C6~1\AppData\Local\Temp\Alfresco\AlfrescoSchema-H2Dialect-Update-3064333803418984913.sql (Copied from classpath:alfresco/dbscripts/create/org.hibernate.dialect.H2Dialect/AlfrescoCreate-SubscriptionTables.sql).
2020-05-18 15:58:47,780 INFO  [org.alfresco.repo.domain.schema.SchemaBootstrap] [localhost-startStop-1] Executing database script C:\Users\27C6~1\AppData\Local\Temp\Alfresco\AlfrescoSchema-H2Dialect-Update-20929663067960570.sql (Copied from classpath:alfresco/dbscripts/create/org.hibernate.dialect.H2Dialect/AlfrescoCreate-TenantTables.sql).
2020-05-18 15:58:47,785 INFO  [org.alfresco.repo.domain.schema.SchemaBootstrap] [localhost-startStop-1] Executing database script C:\Users\27C6~1\AppData\Local\Temp\Alfresco\AlfrescoSchema-H2Dialect-Update-2390866143472489382.sql (Copied from classpath:alfresco/dbscripts/create/org.hibernate.dialect.H2Dialect/AlfrescoCreate-AuthorizationTables.sql).
2020-05-18 15:58:47,819 INFO  [org.alfresco.repo.domain.schema.SchemaBootstrap] [localhost-startStop-1] Executing database script C:\Users\27C6~1\AppData\Local\Temp\Alfresco\AlfrescoSchema-H2Dialect-Update-2492413464115051784.sql (Generated).
2020-05-18 15:58:47,898 INFO  [org.alfresco.repo.domain.schema.SchemaBootstrap] [localhost-startStop-1] Executing database script C:\Users\27C6~1\AppData\Local\Temp\Alfresco\AlfrescoSchema-H2Dialect-Update-6349934350090343069.sql (Copied from classpath:alfresco/dbscripts/create/org.hibernate.dialect.H2Dialect/AlfrescoPostCreate-JBPM-Extra.sql).
2020-05-18 15:58:47,901 INFO  [org.alfresco.repo.domain.schema.SchemaBootstrap] [localhost-startStop-1] Executing database script C:\Users\27C6~1\AppData\Local\Temp\Alfresco\AlfrescoSchema-H2Dialect-Update-5466665099657029268.sql (Copied from classpath:alfresco/dbscripts/create/org.hibernate.dialect.H2Dialect/AlfrescoPostCreate-JBPM-FK-indexes.sql).
2020-05-18 15:58:47,913 INFO  [org.alfresco.repo.domain.schema.SchemaBootstrap] [localhost-startStop-1] Executing database script C:\Users\27C6~1\AppData\Local\Temp\Alfresco\AlfrescoSchema-H2Dialect-Update-1071966204244920923.sql (Copied from classpath:alfresco/dbscripts/create/org.hibernate.dialect.H2Dialect/AlfrescoPostCreate-JBPM-varinst-indexes.sql).
2020-05-18 15:58:47,914 INFO  [org.alfresco.repo.domain.schema.SchemaBootstrap] [localhost-startStop-1] Create scripts executed in 513 ms
2020-05-18 15:58:48,492 INFO  [org.alfresco.repo.domain.schema.SchemaBootstrap] [localhost-startStop-1] All executed statements:  C:\Users\27C6~1\AppData\Local\Temp\Alfresco\AlfrescoSchema-H2Dialect-All_Statements-1839561364261974641.sql.
2020-05-18 15:58:48,711 WARN  [org.alfresco.repo.domain.schema.SchemaBootstrap] [localhost-startStop-1] Schema validation found 754 potential problems, results written to: C:\Users\27C6~1\AppData\Local\Temp\Alfresco\Alfresco-H2Dialect-Validation-Post-Upgrade-alf_-3599370986791555455.txt
2020-05-18 15:58:48,810 WARN  [org.alfresco.repo.domain.schema.SchemaBootstrap] [localhost-startStop-1] Schema validation found 275 potential problems, results written to: C:\Users\27C6~1\AppData\Local\Temp\Alfresco\Alfresco-H2Dialect-Validation-Post-Upgrade-act_-7597221449632932891.txt
2020-05-18 15:58:49,041 INFO  [org.alfresco.repo.domain.schema.SchemaBootstrap] [localhost-startStop-1] Normalized schema dumped to file C:\Users\27C6~1\AppData\Local\Temp\Alfresco\Alfresco-schema-H2Dialect-post-upgrade-alf_-728518934524411658.xml.
2020-05-18 15:58:49,041 INFO  [org.alfresco.repo.domain.schema.SchemaBootstrap] [localhost-startStop-1] Normalized schema dumped to file C:\Users\27C6~1\AppData\Local\Temp\Alfresco\Alfresco-schema-H2Dialect-post-upgrade-jbpm_-131637082864153190.xml.
2020-05-18 15:58:49,041 INFO  [org.alfresco.repo.domain.schema.SchemaBootstrap] [localhost-startStop-1] Normalized schema dumped to file C:\Users\27C6~1\AppData\Local\Temp\Alfresco\Alfresco-schema-H2Dialect-post-upgrade-act_-5437146635630199562.xml.
2020-05-18 15:58:49,302 INFO  [org.alfresco.repo.management.subsystems.ChildApplicationContextFactory] [localhost-startStop-1] Starting 'Search' subsystem, ID: [Search, managed, solr4]
2020-05-18 15:58:49,598 INFO  [org.alfresco.repo.management.subsystems.ChildApplicationContextFactory] [localhost-startStop-1] Startup of 'Search' subsystem, ID: [Search, managed, solr4] complete
2020-05-18 15:58:53,349 INFO  [org.alfresco.repo.management.subsystems.ChildApplicationContextFactory] [localhost-startStop-1] Starting 'Authentication' subsystem, ID: [Authentication, managed, alfrescoNtlm1]
2020-05-18 15:58:53,573 INFO  [org.alfresco.repo.management.subsystems.ChildApplicationContextFactory] [localhost-startStop-1] Startup of 'Authentication' subsystem, ID: [Authentication, managed, alfrescoNtlm1] complete
2020-05-18 15:58:55,469 INFO  [org.alfresco.repo.management.subsystems.ChildApplicationContextFactory] [localhost-startStop-1] Starting 'thirdparty' subsystem, ID: [thirdparty, default]
2020-05-18 15:58:55,626 ERROR [org.alfresco.repo.content.transform.magick.AbstractImageMagickContentTransformerWorker] [localhost-startStop-1] ImageMagickContentTransformerWorker not available: 04180001 Failed to perform ImageMagick transformation: 
Execution result: 
   os:         Windows 10
   command:    ./ImageMagick/bin/convert C:\Users\27C6~1\AppData\Local\Temp\Alfresco\ImageMagickContentTransformerWorker_init_source_6197118783196527975.gif C:\Users\27C6~1\AppData\Local\Temp\Alfresco\ImageMagickContentTransformerWorker_init_target_1487518156767842583.png
   succeeded:  false
   exit code:  1
   out:        
   err:        Cannot run program "./ImageMagick/bin/convert": CreateProcess error=2, Не удается найти указанный файл
2020-05-18 15:58:55,626 INFO  [org.alfresco.repo.management.subsystems.ChildApplicationContextFactory] [localhost-startStop-1] Startup of 'thirdparty' subsystem, ID: [thirdparty, default] complete
2020-05-18 15:58:55,626 INFO  [org.alfresco.repo.management.subsystems.ChildApplicationContextFactory] [localhost-startStop-1] Starting 'OOoDirect' subsystem, ID: [OOoDirect, default]
2020-05-18 15:58:55,838 ERROR [org.alfresco.util.exec.RuntimeExecBootstrapBean] [localhost-startStop-1] Bootstrap command failed: 
Execution result: 
   os:         Windows 10
   command:    soffice -accept=socket,host=127.0.0.1,port=8100;urp;StarOffice.ServiceManager -env:UserInstallation=file:///D:/Work/integration/alf_data_dev/oouser -headless -nocrashreport -nofirststartwizard -nologo -norestore
   succeeded:  false
   exit code:  2
   out:        
   err:        Cannot run program "soffice": CreateProcess error=2, Не удается найти указанный файл
2020-05-18 15:58:57,874 WARN  [org.alfresco.util.OpenOfficeConnectionTester] [localhost-startStop-1] An initial OpenOffice connection could not be established.
2020-05-18 15:58:57,875 INFO  [org.alfresco.repo.management.subsystems.ChildApplicationContextFactory] [localhost-startStop-1] Startup of 'OOoDirect' subsystem, ID: [OOoDirect, default] complete
2020-05-18 15:58:57,876 INFO  [org.alfresco.repo.admin.ConfigurationChecker] [localhost-startStop-1] The Alfresco root data directory ('dir.root') is: D:\Work\integration\alf_data_dev
2020-05-18 15:58:57,882 INFO  [org.alfresco.repo.admin.patch.PatchExecuter] [localhost-startStop-1] Checking for patches to apply ...
2020-05-18 15:58:57,912 WARN  [org.alfresco.repo.admin.patch.PatchExecuter] [localhost-startStop-1] Patch description is not available: Patch[ id=patch.contentFormFolderType, description=patch.contentFormFolderType.description, fixesFromSchema=0, fixesToSchema=36, targetSchema=37, ignored=false]
2020-05-18 15:58:57,918 WARN  [org.alfresco.repo.admin.patch.PatchExecuter] [localhost-startStop-1] Patch description is not available: Patch[ id=patch.redeploySubmitProcess, description=patch.redeploySubmitProcess.description, fixesFromSchema=0, fixesToSchema=57, targetSchema=58, ignored=false]
2020-05-18 15:58:58,030 INFO  [org.alfresco.repo.admin.patch.PatchExecuter] [localhost-startStop-1] 	Applying patch 'patch.exampleJavaScript' (Loads sample Javascript file into datadictionary scripts folder).
2020-05-18 15:58:58,046 INFO  [org.alfresco.repo.admin.patch.PatchExecuter] [localhost-startStop-1] 	Applying patch 'patch.siteLoadPatch.swsdp' (Loads a sample site into the repository.).
2020-05-18 15:58:58,077 INFO  [org.alfresco.repo.management.subsystems.ChildApplicationContextFactory] [localhost-startStop-1] Starting 'sysAdmin' subsystem, ID: [sysAdmin, default]
2020-05-18 15:58:58,104 INFO  [org.alfresco.repo.management.subsystems.ChildApplicationContextFactory] [localhost-startStop-1] Startup of 'sysAdmin' subsystem, ID: [sysAdmin, default] complete
2020-05-18 15:59:00,249 INFO  [org.alfresco.repo.admin.patch.PatchExecuter] [localhost-startStop-1] 
=== Applied patch                 === 
ID: patch.db-V3.4-UsageTables
RESULT: 
Script completed
=====================================
2020-05-18 15:59:00,250 INFO  [org.alfresco.repo.admin.patch.PatchExecuter] [localhost-startStop-1] 
=== Applied patch                 === 
ID: patch.db-V4.0-TenantTables
RESULT: 
Script completed
=====================================
2020-05-18 15:59:00,250 INFO  [org.alfresco.repo.admin.patch.PatchExecuter] [localhost-startStop-1] 
=== Applied patch                 === 
ID: patch.db-V3.4-JBPM-varinst-indexes
RESULT: 
Script completed
=====================================
2020-05-18 15:59:00,250 INFO  [org.alfresco.repo.admin.patch.PatchExecuter] [localhost-startStop-1] 
=== Applied patch                 === 
ID: patch.db-V4.1-AuthorizationTables
RESULT: 
Script completed
=====================================
2020-05-18 15:59:00,250 INFO  [org.alfresco.repo.admin.patch.PatchExecuter] [localhost-startStop-1] 
=== Applied patch                 === 
ID: patch.db-V5.0-ContentUrlEncryptionTables
RESULT: 
Script completed
=====================================
2020-05-18 15:59:00,250 INFO  [org.alfresco.repo.admin.patch.PatchExecuter] [localhost-startStop-1] 
=== Applied patch                 === 
ID: patch.exampleJavaScript
RESULT: 
Imported view into bootstrap location: /app:company_home/app:dictionary/app:scripts (workspace://SpacesStore/425d5800-f09a-4efb-8586-ca6a265c45f2)
=====================================
2020-05-18 15:59:00,250 INFO  [org.alfresco.repo.admin.patch.PatchExecuter] [localhost-startStop-1] 
=== Applied patch                 === 
ID: patch.siteLoadPatch.swsdp
RESULT: 
Site swsdp imported.
=====================================
2020-05-18 15:59:00,312 INFO  [org.alfresco.repo.module.ModuleServiceImpl] [localhost-startStop-1] Found 2 module package(s).
2020-05-18 15:59:00,321 INFO  [org.alfresco.repo.module.ModuleServiceImpl] [localhost-startStop-1] Installing module 'alfresco-share-services' version 5.1.0.
2020-05-18 15:59:00,328 INFO  [org.alfresco.repo.module.ModuleServiceImpl] [localhost-startStop-1] Installing module 'integration-repo-amp' version 1.0-SNAPSHOT.
2020-05-18 15:59:00,332 ERROR [org.alfresco.repo.module.ModuleComponentHelper] [localhost-startStop-1] The component 'integration-repo-amp.exampleComponent' belongs to a non-existent module 'sp-integration-repo-amp'.
2020-05-18 15:59:00,334 INFO  [org.alfresco.repo.management.subsystems.ChildApplicationContextFactory] [localhost-startStop-1] Starting 'fileServers' subsystem, ID: [fileServers, default]
2020-05-18 15:59:00,769 INFO  [org.alfresco.repo.management.subsystems.ChildApplicationContextFactory] [localhost-startStop-1] Startup of 'fileServers' subsystem, ID: [fileServers, default] complete
2020-05-18 15:59:00,769 INFO  [org.alfresco.repo.management.subsystems.ChildApplicationContextFactory] [localhost-startStop-1] Starting 'imap' subsystem, ID: [imap, default]
2020-05-18 15:59:00,844 INFO  [org.alfresco.repo.management.subsystems.ChildApplicationContextFactory] [localhost-startStop-1] Startup of 'imap' subsystem, ID: [imap, default] complete
2020-05-18 15:59:00,844 INFO  [org.alfresco.repo.management.subsystems.ChildApplicationContextFactory] [localhost-startStop-1] Starting 'email' subsystem, ID: [email, outbound]
2020-05-18 15:59:00,950 INFO  [org.alfresco.repo.management.subsystems.ChildApplicationContextFactory] [localhost-startStop-1] Startup of 'email' subsystem, ID: [email, outbound] complete
2020-05-18 15:59:00,950 INFO  [org.alfresco.repo.management.subsystems.ChildApplicationContextFactory] [localhost-startStop-1] Starting 'email' subsystem, ID: [email, inbound]
2020-05-18 15:59:01,014 INFO  [org.alfresco.repo.management.subsystems.ChildApplicationContextFactory] [localhost-startStop-1] Startup of 'email' subsystem, ID: [email, inbound] complete
2020-05-18 15:59:01,015 INFO  [org.alfresco.repo.management.subsystems.ChildApplicationContextFactory] [localhost-startStop-1] Starting 'Subscriptions' subsystem, ID: [Subscriptions, default]
2020-05-18 15:59:01,037 INFO  [org.alfresco.repo.management.subsystems.ChildApplicationContextFactory] [localhost-startStop-1] Startup of 'Subscriptions' subsystem, ID: [Subscriptions, default] complete
2020-05-18 15:59:01,049 INFO  [org.alfresco.repo.management.subsystems.ChildApplicationContextFactory] [localhost-startStop-1] Starting 'Synchronization' subsystem, ID: [Synchronization, default]
2020-05-18 15:59:01,114 INFO  [org.alfresco.repo.management.subsystems.ChildApplicationContextFactory] [localhost-startStop-1] Startup of 'Synchronization' subsystem, ID: [Synchronization, default] complete
2020-05-18 15:59:01,192 INFO  [org.alfresco.service.descriptor.DescriptorService] [localhost-startStop-1] Alfresco JVM - v1.8.0_251-b08; maximum heap size 1787,000MB
2020-05-18 15:59:01,192 INFO  [org.alfresco.service.descriptor.DescriptorService] [localhost-startStop-1] Server Mode :UNKNOWN
2020-05-18 15:59:01,197 INFO  [org.alfresco.service.descriptor.DescriptorService] [localhost-startStop-1] Alfresco started (Community). Current version: 5.1.0 (r122274-b3) schema 9 016. Originally installed version: 5.1.0 (r122274-b3) schema 9 016.
2020-05-18 15:59:01,208 INFO  [org.alfresco.repo.management.subsystems.ChildApplicationContextFactory] [localhost-startStop-1] Starting 'ActivitiesFeed' subsystem, ID: [ActivitiesFeed, default]
2020-05-18 15:59:01,523 INFO  [org.alfresco.repo.management.subsystems.ChildApplicationContextFactory] [localhost-startStop-1] Startup of 'ActivitiesFeed' subsystem, ID: [ActivitiesFeed, default] complete
2020-05-18 15:59:01,523 INFO  [org.alfresco.repo.management.subsystems.ChildApplicationContextFactory] [localhost-startStop-1] Starting 'Replication' subsystem, ID: [Replication, default]
2020-05-18 15:59:01,538 INFO  [org.alfresco.repo.management.subsystems.ChildApplicationContextFactory] [localhost-startStop-1] Startup of 'Replication' subsystem, ID: [Replication, default] complete
2020-05-18 15:59:06,422 INFO  [org.springframework.extensions.webscripts.DeclarativeRegistry] [asynchronouslyRefreshedCacheThreadPool1] Registered 397 Web Scripts (+0 failed), 547 URLs
2020-05-18 15:59:06,424 INFO  [org.springframework.extensions.webscripts.DeclarativeRegistry] [asynchronouslyRefreshedCacheThreadPool1] Registered 1 Package Description Documents (+0 failed) 
2020-05-18 15:59:06,424 INFO  [org.springframework.extensions.webscripts.DeclarativeRegistry] [asynchronouslyRefreshedCacheThreadPool1] Registered 0 Schema Description Documents (+0 failed) 
2020-05-18 15:59:08,386 INFO  [org.springframework.extensions.webscripts.DeclarativeRegistry] [localhost-startStop-1] Registered 397 Web Scripts (+0 failed), 547 URLs
2020-05-18 15:59:08,386 INFO  [org.springframework.extensions.webscripts.DeclarativeRegistry] [localhost-startStop-1] Registered 1 Package Description Documents (+0 failed) 
2020-05-18 15:59:08,386 INFO  [org.springframework.extensions.webscripts.DeclarativeRegistry] [localhost-startStop-1] Registered 0 Schema Description Documents (+0 failed) 
2020-05-18 15:59:08,390 INFO  [org.springframework.extensions.webscripts.AbstractRuntimeContainer] [localhost-startStop-1] Initialised Repository Web Script Container (in 5880.101ms)
2020-05-18 15:59:08,488 INFO  [org.springframework.extensions.webscripts.TemplateProcessorRegistry] [localhost-startStop-1] Registered template processor freemarker for extension ftl
2020-05-18 15:59:08,490 INFO  [org.springframework.extensions.webscripts.ScriptProcessorRegistry] [localhost-startStop-1] Registered script processor javascript for extension js
2020-05-18 15:59:10,407 INFO  [org.springframework.extensions.webscripts.DeclarativeRegistry] [asynchronouslyRefreshedCacheThreadPool1] Registered 397 Web Scripts (+0 failed), 547 URLs
2020-05-18 15:59:10,408 INFO  [org.springframework.extensions.webscripts.DeclarativeRegistry] [asynchronouslyRefreshedCacheThreadPool1] Registered 1 Package Description Documents (+0 failed) 
2020-05-18 15:59:10,408 INFO  [org.springframework.extensions.webscripts.DeclarativeRegistry] [asynchronouslyRefreshedCacheThreadPool1] Registered 0 Schema Description Documents (+0 failed) 
2020-05-18 15:59:10,496 INFO  [org.springframework.extensions.webscripts.DeclarativeRegistry] [asynchronouslyRefreshedCacheThreadPool1] Registered 11 Web Scripts (+0 failed), 82 URLs
2020-05-18 15:59:10,497 INFO  [org.springframework.extensions.webscripts.DeclarativeRegistry] [asynchronouslyRefreshedCacheThreadPool1] Registered 0 Package Description Documents (+0 failed) 
2020-05-18 15:59:10,497 INFO  [org.springframework.extensions.webscripts.DeclarativeRegistry] [asynchronouslyRefreshedCacheThreadPool1] Registered 0 Schema Description Documents (+0 failed) 
2020-05-18 15:59:10,560 INFO  [org.springframework.extensions.webscripts.DeclarativeRegistry] [localhost-startStop-1] Registered 11 Web Scripts (+0 failed), 82 URLs
2020-05-18 15:59:10,560 INFO  [org.springframework.extensions.webscripts.DeclarativeRegistry] [localhost-startStop-1] Registered 0 Package Description Documents (+0 failed) 
2020-05-18 15:59:10,560 INFO  [org.springframework.extensions.webscripts.DeclarativeRegistry] [localhost-startStop-1] Registered 0 Schema Description Documents (+0 failed) 
2020-05-18 15:59:10,564 INFO  [org.springframework.extensions.webscripts.AbstractRuntimeContainer] [localhost-startStop-1] Initialised Public Api Web Script Container (in 1963.983ms)
2020-05-18 15:59:10,616 INFO  [org.springframework.extensions.webscripts.DeclarativeRegistry] [asynchronouslyRefreshedCacheThreadPool1] Registered 11 Web Scripts (+0 failed), 82 URLs
2020-05-18 15:59:10,616 INFO  [org.springframework.extensions.webscripts.DeclarativeRegistry] [asynchronouslyRefreshedCacheThreadPool1] Registered 0 Package Description Documents (+0 failed) 
2020-05-18 15:59:10,616 INFO  [org.springframework.extensions.webscripts.DeclarativeRegistry] [asynchronouslyRefreshedCacheThreadPool1] Registered 0 Schema Description Documents (+0 failed) 
